
	GCC 5.5.0 environment now loaded


	CUDA-9.2 loaded


Loading cuda/9.2
  Loading requirement: gcc5/5.5.0
0
Tue Jun 29 21:58:20 2021       
+-----------------------------------------------------------------------------+
| NVIDIA-SMI 450.102.04   Driver Version: 450.102.04   CUDA Version: 11.0     |
|-------------------------------+----------------------+----------------------+
| GPU  Name        Persistence-M| Bus-Id        Disp.A | Volatile Uncorr. ECC |
| Fan  Temp  Perf  Pwr:Usage/Cap|         Memory-Usage | GPU-Util  Compute M. |
|                               |                      |               MIG M. |
|===============================+======================+======================|
|   0  Tesla V100-SXM2...  On   | 00000000:07:00.0 Off |                    0 |
| N/A   48C    P0    68W / 300W |      0MiB / 16160MiB |      0%      Default |
|                               |                      |                  N/A |
+-------------------------------+----------------------+----------------------+
                                                                               
+-----------------------------------------------------------------------------+
| Processes:                                                                  |
|  GPU   GI   CI        PID   Type   Process name                  GPU Memory |
|        ID   ID                                                   Usage      |
|=============================================================================|
|  No running processes found                                                 |
+-----------------------------------------------------------------------------+
/jmain01/home/JAD015/ttl03/lxs80-ttl03/AutoInsert
./artifacts//autoinsert.pkl
Training data not found. Creating dataset...
541.json
1497.json
1150.json
427.json
73.json
1419.json
38.json
39.json
1263.json
454.json
85.json
2166.json
1599.json
2121.json
2045.json
1653.json
1503.json
493.json
1922.json
115.json
60.json
1926.json
1672.json
498.json
1856.json
141.json
543.json
1368.json
614.json
2181.json
559.json
1373.json
1698.json
1529.json
536.json
1912.json
160.json
465.json
1789.json
1478.json
999.json
990.json
1185.json
178.json
1279.json
64.json
228.json
1422.json
1938.json
1160.json
1522.json
539.json
1568.json
2028.json
1701.json
1182.json
1328.json
1330.json
1986.json
1771.json
138.json
1526.json
1586.json
1553.json
1178.json
496.json
1640.json
88.json
586.json
1980.json
1195.json
1339.json
1700.json
1923.json
176.json
1320.json
490.json
1172.json
151.json
82.json
112.json
546.json
1525.json
1680.json
1007.json
133.json
589.json
1435.json
1536.json
1852.json
583.json
491.json
15.json
1189.json
2104.json
570.json
1271.json
28.json
1562.json
12.json
2120.json
1629.json
556.json
446.json
55.json
1702.json
107.json
1666.json
482.json
443.json
1534.json
2089.json
1674.json
605.json
1179.json
1907.json
1774.json
1638.json
560.json
1528.json
1695.json
1810.json
2102.json
49.json
136.json
1168.json
67.json
1588.json
1609.json
581.json
2136.json
509.json
439.json
84.json
1203.json
450.json
452.json
2031.json
117.json
2176.json
1659.json
1541.json
1841.json
104.json
1524.json
1657.json
1990.json
17.json
544.json
2216.json
1443.json
45.json
157.json
1268.json
1758.json
185.json
2200.json
1494.json
1605.json
2087.json
1721.json
1564.json
1544.json
1888.json
992.json
1571.json
1514.json
145.json
448.json
183.json
1976.json
2183.json
1875.json
173.json
1486.json
1459.json
1190.json
175.json
2217.json
1335.json
1508.json
1153.json
578.json
103.json
492.json
2243.json
1584.json
2292.json
142.json
538.json
1366.json
1421.json
1266.json
1538.json
13.json
23.json
1180.json
1512.json
1827.json
1276.json
1712.json
179.json
1274.json
1904.json
1937.json
166.json
125.json
1580.json
555.json
239.json
1144.json
1699.json
568.json
143.json
1598.json
171.json
1072.json
2307.json
1642.json
16.json
2030.json
2305.json
2194.json
223.json
61.json
1213.json
1454.json
567.json
1569.json
2256.json
1461.json
518.json
1546.json
1893.json
163.json
2084.json
1322.json
1447.json
2254.json
1340.json
469.json
1643.json
1365.json
1871.json
1532.json
1475.json
1484.json
1256.json
1434.json
246.json
1527.json
1652.json
1621.json
1661.json
168.json
72.json
135.json
1631.json
1693.json
191.json
563.json
1147.json
1438.json
186.json
65.json
170.json
1714.json
480.json
1688.json
1058.json
149.json
521.json
57.json
1450.json
58.json
591.json
1704.json
598.json
1730.json
1446.json
2161.json
1196.json
2198.json
161.json
172.json
592.json
1973.json
99.json
8.json
1463.json
1709.json
1458.json
442.json
153.json
1755.json
593.json
26.json
573.json
1685.json
600.json
1670.json
494.json
551.json
2069.json
220.json
1063.json
1467.json
1943.json
118.json
1076.json
2139.json
1428.json
2213.json
1957.json
1960.json
517.json
1171.json
2250.json
33.json
1983.json
1587.json
1590.json
607.json
1257.json
174.json
1337.json
1453.json
1511.json
1329.json
1601.json
146.json
571.json
1829.json
2288.json
1596.json
1201.json
1506.json
1561.json
54.json
1677.json
1939.json
1673.json
1583.json
62.json
1683.json
1611.json
1014.json
1826.json
1148.json
6.json
542.json
1488.json
98.json
1472.json
1909.json
155.json
1610.json
467.json
1439.json
1252.json
1941.json
165.json
1987.json
1161.json
1558.json
478.json
1740.json
1050.json
131.json
569.json
1961.json
43.json
1423.json
1338.json
1367.json
1479.json
74.json
529.json
2163.json
998.json
1265.json
156.json
137.json
1165.json
1593.json
499.json
1187.json
1159.json
1175.json
508.json
1595.json
1616.json
558.json
566.json
1173.json
1627.json
1988.json
1615.json
1530.json
1905.json
1074.json
1956.json
1549.json
1200.json
1451.json
1324.json
523.json
1944.json
237.json
1555.json
1989.json
512.json
535.json
479.json
20.json
1843.json
2068.json
91.json
1791.json
431.json
1736.json
75.json
148.json
1572.json
70.json
453.json
1053.json
1821.json
2086.json
1052.json
1794.json
2306.json
2027.json
613.json
1000.json
545.json
576.json
1163.json
1460.json
1579.json
1495.json
1842.json
1734.json
2268.json
1648.json
1729.json
1682.json
1733.json
167.json
177.json
2221.json
105.json
1614.json
132.json
511.json
1667.json
435.json
434.json
1282.json
473.json
1440.json
548.json
1808.json
597.json
1585.json
1910.json
123.json
441.json
2248.json
436.json
1455.json
1857.json
1567.json
1647.json
1489.json
1924.json
181.json
1955.json
2103.json
2199.json
1811.json
2070.json
1326.json
2025.json
603.json
1260.json
192.json
2182.json
2314.json
2083.json
1477.json
1668.json
1756.json
111.json
429.json
1906.json
1070.json
474.json
481.json
1589.json
1003.json
1281.json
497.json
2180.json
524.json
164.json
1198.json
988.json
1620.json
2137.json
547.json
507.json
1462.json
1606.json
549.json
1064.json
1975.json
484.json
1176.json
2252.json
1825.json
1757.json
2164.json
505.json
1507.json
1174.json
2211.json
2179.json
236.json
1622.json
1713.json
1170.json
530.json
1417.json
152.json
1551.json
1.json
1270.json
2241.json
1184.json
150.json
1181.json
1535.json
445.json
1689.json
1158.json
134.json
438.json
1441.json
1016.json
1741.json
2255.json
1684.json
1442.json
1705.json
110.json
1658.json
995.json
489.json
1496.json
604.json
1283.json
1277.json
2313.json
122.json
162.json
69.json
4.json
1972.json
1718.json
1501.json
2029.json
513.json
97.json
1759.json
1325.json
1542.json
1591.json
1262.json
532.json
1207.json
53.json
1436.json
456.json
1482.json
2251.json
1687.json
1473.json
1728.json
1697.json
1628.json
48.json
1364.json
190.json
1186.json
1656.json
1010.json
1017.json
189.json
1155.json
1662.json
1490.json
100.json
1717.json
1162.json
1448.json
1719.json
1055.json
1456.json
1420.json
1790.json
1284.json
7.json
475.json
1518.json
1474.json
1977.json
1334.json
180.json
1418.json
86.json
457.json
1723.json
1858.json
2222.json
1521.json
531.json
1889.json
1707.json
1476.json
114.json
1199.json
1449.json
96.json
188.json
1470.json
1075.json
1708.json
1013.json
159.json
2100.json
433.json
226.json
2162.json
1516.json
993.json
582.json
1065.json
42.json
78.json
129.json
1623.json
2219.json
2223.json
595.json
2140.json
1005.json
1444.json
1204.json
1164.json
1573.json
2197.json
2124.json
2289.json
2101.json
1581.json
144.json
1370.json
2245.json
503.json
126.json
2138.json
37.json
1727.json
1156.json
2308.json
1545.json
528.json
1720.json
533.json
2244.json
1431.json
10.json
1432.json
1517.json
2196.json
242.json
1650.json
1715.json
1210.json
1692.json
561.json
610.json
101.json
1624.json
1690.json
1793.json
1069.json
527.json
1214.json
11.json
2167.json
495.json
461.json
2220.json
1554.json
1891.json
1465.json
2246.json
2310.json
594.json
2212.json
22.json
5.json
1563.json
52.json
14.json
502.json
1485.json
1259.json
2115.json
1691.json
56.json
550.json
81.json
466.json
1369.json
1651.json
2047.json
1576.json
1556.json
128.json
233.json
1059.json
2044.json
1009.json
510.json
158.json
2247.json
1267.json
1515.json
169.json
1192.json
2210.json
2043.json
1853.json
426.json
1519.json
1452.json
1212.json
1278.json
79.json
584.json
1188.json
1253.json
1424.json
1805.json
428.json
2118.json
2141.json
1641.json
2072.json
1015.json
1429.json
1018.json
66.json
1732.json
1056.json
1487.json
1445.json
1654.json
1872.json
119.json
1280.json
1372.json
588.json
147.json
463.json
437.json
1694.json
1011.json
238.json
1921.json
1942.json
36.json
1001.json
997.json
1607.json
1959.json
1054.json
1471.json
92.json
1149.json
1578.json
1594.json
587.json
1209.json
1143.json
1543.json
1984.json
116.json
1333.json
432.json
1523.json
90.json
77.json
996.json
501.json
1626.json
40.json
1565.json
564.json
1341.json
1051.json
71.json
41.json
459.json
2042.json
1560.json
504.json
1321.json
139.json
1145.json
2135.json
1664.json
1157.json
1885.json
1752.json
1068.json
1870.json
1194.json
1812.json
1504.json
1646.json
1822.json
449.json
2242.json
2067.json
2119.json
89.json
1655.json
577.json
108.json
1002.json
1509.json
483.json
24.json
1323.json
1645.json
601.json
154.json
1468.json
2122.json
612.json
63.json
574.json
46.json
2113.json
1205.json
1071.json
2088.json
1570.json
2117.json
127.json
1716.json
2309.json
1008.json
2177.json
1466.json
2201.json
2218.json
470.json
468.json
29.json
244.json
83.json
1169.json
2178.json
1828.json
2123.json
460.json
3.json
477.json
1600.json
1492.json
608.json
1216.json
80.json
1675.json
245.json
1481.json
488.json
2099.json
1510.json
1327.json
1920.json
2116.json
1671.json
0.json
1637.json
222.json
1613.json
1731.json
1597.json
2040.json
1336.json
2224.json
609.json
599.json
1272.json
1154.json
585.json
1660.json
1710.json
1151.json
1275.json
2165.json
2114.json
1739.json
1167.json
458.json
1722.json
1577.json
1493.json
1772.json
140.json
514.json
1940.json
516.json
1754.json
994.json
1679.json
602.json
1979.json
1874.json
1876.json
1437.json
1073.json
1840.json
1665.json
1066.json
2293.json
1649.json
1426.json
455.json
1269.json
1981.json
1500.json
1505.json
430.json
1582.json
1676.json
1873.json
102.json
2046.json
1004.json
590.json
1760.json
575.json
1427.json
187.json
1166.json
515.json
1177.json
1809.json
2026.json
1197.json
1258.json
611.json
565.json
121.json
1559.json
1619.json
1608.json
2105.json
534.json
487.json
1869.json
1425.json
1464.json
1574.json
262.json
1703.json
1332.json
1982.json
1630.json
1430.json
1612.json
1531.json
520.json
1813.json
1663.json
184.json
2185.json
1936.json
526.json
1776.json
1678.json
87.json
1183.json
1202.json
1550.json
1792.json
2090.json
1152.json
1575.json
2267.json
1520.json
579.json
34.json
1062.json
1824.json
1618.json
1254.json
1566.json
1146.json
1513.json
1057.json
1491.json
2195.json
1711.json
1480.json
1978.json
27.json
1706.json
1669.json
1499.json
113.json
554.json
1006.json
2290.json
1548.json
1592.json
1371.json
1617.json
1012.json
447.json
1255.json
553.json
230.json
1985.json
1061.json
1285.json
1331.json
485.json
1457.json
1498.json
95.json
1502.json
991.json
1557.json
1604.json
2085.json
1603.json
1469.json
2041.json
1925.json
2039.json
451.json
9.json
1539.json
506.json
1067.json
1686.json
1919.json
606.json
47.json
1696.json
1911.json
476.json
522.json
2311.json
1958.json
1191.json
1823.json
2291.json
44.json
227.json
1625.json
1060.json
1537.json
2215.json
471.json
440.json
1533.json
1540.json
1775.json
1644.json
572.json
462.json
1738.json
50.json
472.json
562.json
1552.json
1273.json
2257.json
1806.json
500.json
2304.json
540.json
1211.json
1753.json
1264.json
1206.json
1193.json
2253.json
1974.json
519.json
1602.json
21.json
1773.json
1261.json
2071.json
2214.json
1215.json
182.json
989.json
1208.json
2302.json
444.json
32.json
1855.json
537.json
1639.json
1131.json
1726.json
Traceback (most recent call last):
  File "textdata.py", line 374, in <module>
    TextData_MT('MT')
  File "textdata.py", line 53, in __init__
    self.loadCorpus(corpusname)
  File "textdata.py", line 226, in loadCorpus
    learn_bpe(self.bpe_tmp_filename, args['rootDir'] + 'auto_insert.bpe', 37000, 6, True)
  File "/jmain01/home/JAD015/ttl03/lxs80-ttl03/AutoInsert/learn_bpe.py", line 279, in learn_bpe
    infile = open(infilename, 'r')
IsADirectoryError: [Errno 21] Is a directory: '.'
2021-06-29 22:00:16 | INFO | fairseq_cli.preprocess | Namespace(align_suffix=None, alignfile=None, all_gather_list_size=16384, amp=False, amp_batch_retries=2, amp_init_scale=128, amp_scale_window=None, azureml_logging=False, bf16=False, bpe=None, cpu=False, criterion='cross_entropy', dataset_impl='mmap', destdir='artifacts/preprocessed/', dict_only=False, empty_cache_freq=0, fp16=False, fp16_init_scale=128, fp16_no_flatten_grads=False, fp16_scale_tolerance=0.0, fp16_scale_window=None, joined_dictionary=False, log_file=None, log_format=None, log_interval=100, lr_scheduler='fixed', memory_efficient_bf16=False, memory_efficient_fp16=False, min_loss_scale=0.0001, model_parallel_size=1, no_progress_bar=False, nwordssrc=-1, nwordstgt=-1, on_cpu_convert_precision=False, only_source=False, optimizer=None, padding_factor=8, plasma_path='/tmp/plasma', profile=False, quantization_config_path=None, reset_logging=False, scoring='bleu', seed=1, simul_type=None, source_lang='de', srcdict=None, suppress_crashes=False, target_lang='en', task='translation', tensorboard_logdir=None, testpref='artifacts/fsdata/test', tgtdict=None, threshold_loss_scale=None, thresholdsrc=0, thresholdtgt=0, tokenizer=None, tpu=False, trainpref='artifacts/fsdata/train', use_plasma_view=False, user_dir=None, validpref='artifacts/fsdata/valid', wandb_project=None, workers=20)
Traceback (most recent call last):
  File "fairseq/fairseq_cli/preprocess.py", line 407, in <module>
    cli_main()
  File "fairseq/fairseq_cli/preprocess.py", line 403, in cli_main
    main(args)
  File "fairseq/fairseq_cli/preprocess.py", line 103, in main
    src_dict = build_dictionary([train_path(args.source_lang)], src=True)
  File "fairseq/fairseq_cli/preprocess.py", line 63, in build_dictionary
    return task.build_dictionary(
  File "/jmain01/home/JAD015/ttl03/lxs80-ttl03/AutoInsert/fairseq/fairseq/tasks/fairseq_task.py", line 119, in build_dictionary
    Dictionary.add_file_to_dictionary(
  File "/jmain01/home/JAD015/ttl03/lxs80-ttl03/AutoInsert/fairseq/fairseq/data/dictionary.py", line 353, in add_file_to_dictionary
    offsets = find_offsets(local_file, num_workers)
  File "/jmain01/home/JAD015/ttl03/lxs80-ttl03/AutoInsert/fairseq/fairseq/file_chunker_utils.py", line 25, in find_offsets
    with open(filename, "r", encoding="utf-8") as f:
FileNotFoundError: [Errno 2] No such file or directory: 'artifacts/fsdata/train.de'
Traceback (most recent call last):
  File "main_mt.py", line 5, in <module>
    from TranslationModel import TranslationModel
  File "/jmain01/home/JAD015/ttl03/lxs80-ttl03/AutoInsert/TranslationModel.py", line 21, in <module>
    from sequence_generator import SequenceGenerator
  File "/jmain01/home/JAD015/ttl03/lxs80-ttl03/AutoInsert/sequence_generator.py", line 12, in <module>
    import data_utils
ModuleNotFoundError: No module named 'data_utils'
